2021-09-27T18:14:33+00:00 CRITICAL Uncaught Error: Call to a member function get_id() on array in C:\xampp\htdocs\ullapopken\wp-content\themes\ullapopken-theme\woocommerce\woo_config.php:760
Stack trace:
#0 C:\xampp\htdocs\ullapopken\wp-includes\class-wp-hook.php(303): get_product_variation_details('')
#1 C:\xampp\htdocs\ullapopken\wp-includes\class-wp-hook.php(327): WP_Hook->apply_filters('', Array)
#2 C:\xampp\htdocs\ullapopken\wp-includes\plugin.php(470): WP_Hook->do_action(Array)
#3 C:\xampp\htdocs\ullapopken\wp-admin\admin-ajax.php(187): do_action('wp_ajax_get_pro...')
#4 {main}
  thrown in C:\xampp\htdocs\ullapopken\wp-content\themes\ullapopken-theme\woocommerce\woo_config.php on line 760

2021-09-27T18:18:34+00:00 CRITICAL Uncaught Error: Call to a member function get_id() on array in C:\xampp\htdocs\ullapopken\wp-content\themes\ullapopken-theme\woocommerce\woo_config.php:761
Stack trace:
#0 C:\xampp\htdocs\ullapopken\wp-includes\class-wp-hook.php(303): get_product_variation_details('')
#1 C:\xampp\htdocs\ullapopken\wp-includes\class-wp-hook.php(327): WP_Hook->apply_filters('', Array)
#2 C:\xampp\htdocs\ullapopken\wp-includes\plugin.php(470): WP_Hook->do_action(Array)
#3 C:\xampp\htdocs\ullapopken\wp-admin\admin-ajax.php(187): do_action('wp_ajax_get_pro...')
#4 {main}
  thrown in C:\xampp\htdocs\ullapopken\wp-content\themes\ullapopken-theme\woocommerce\woo_config.php on line 761

2021-09-27T18:20:32+00:00 CRITICAL Uncaught Error: Call to a member function get_id() on array in C:\xampp\htdocs\ullapopken\wp-content\themes\ullapopken-theme\woocommerce\woo_config.php:760
Stack trace:
#0 C:\xampp\htdocs\ullapopken\wp-includes\class-wp-hook.php(303): get_product_variation_details('')
#1 C:\xampp\htdocs\ullapopken\wp-includes\class-wp-hook.php(327): WP_Hook->apply_filters('', Array)
#2 C:\xampp\htdocs\ullapopken\wp-includes\plugin.php(470): WP_Hook->do_action(Array)
#3 C:\xampp\htdocs\ullapopken\wp-admin\admin-ajax.php(187): do_action('wp_ajax_get_pro...')
#4 {main}
  thrown in C:\xampp\htdocs\ullapopken\wp-content\themes\ullapopken-theme\woocommerce\woo_config.php on line 760

2021-09-27T18:20:39+00:00 CRITICAL Uncaught Error: Call to a member function get_id() on array in C:\xampp\htdocs\ullapopken\wp-content\themes\ullapopken-theme\woocommerce\woo_config.php:760
Stack trace:
#0 C:\xampp\htdocs\ullapopken\wp-includes\class-wp-hook.php(303): get_product_variation_details('')
#1 C:\xampp\htdocs\ullapopken\wp-includes\class-wp-hook.php(327): WP_Hook->apply_filters('', Array)
#2 C:\xampp\htdocs\ullapopken\wp-includes\plugin.php(470): WP_Hook->do_action(Array)
#3 C:\xampp\htdocs\ullapopken\wp-admin\admin-ajax.php(187): do_action('wp_ajax_get_pro...')
#4 {main}
  thrown in C:\xampp\htdocs\ullapopken\wp-content\themes\ullapopken-theme\woocommerce\woo_config.php on line 760

2021-09-27T18:20:56+00:00 CRITICAL Uncaught Error: Call to a member function get_id() on array in C:\xampp\htdocs\ullapopken\wp-content\themes\ullapopken-theme\woocommerce\woo_config.php:760
Stack trace:
#0 C:\xampp\htdocs\ullapopken\wp-includes\class-wp-hook.php(303): get_product_variation_details('')
#1 C:\xampp\htdocs\ullapopken\wp-includes\class-wp-hook.php(327): WP_Hook->apply_filters('', Array)
#2 C:\xampp\htdocs\ullapopken\wp-includes\plugin.php(470): WP_Hook->do_action(Array)
#3 C:\xampp\htdocs\ullapopken\wp-admin\admin-ajax.php(187): do_action('wp_ajax_get_pro...')
#4 {main}
  thrown in C:\xampp\htdocs\ullapopken\wp-content\themes\ullapopken-theme\woocommerce\woo_config.php on line 760

2021-09-27T18:21:47+00:00 CRITICAL Uncaught Error: Call to a member function get_id() on array in C:\xampp\htdocs\ullapopken\wp-content\themes\ullapopken-theme\woocommerce\woo_config.php:760
Stack trace:
#0 C:\xampp\htdocs\ullapopken\wp-includes\class-wp-hook.php(303): get_product_variation_details('')
#1 C:\xampp\htdocs\ullapopken\wp-includes\class-wp-hook.php(327): WP_Hook->apply_filters('', Array)
#2 C:\xampp\htdocs\ullapopken\wp-includes\plugin.php(470): WP_Hook->do_action(Array)
#3 C:\xampp\htdocs\ullapopken\wp-admin\admin-ajax.php(187): do_action('wp_ajax_get_pro...')
#4 {main}
  thrown in C:\xampp\htdocs\ullapopken\wp-content\themes\ullapopken-theme\woocommerce\woo_config.php on line 760

2021-09-27T18:22:04+00:00 CRITICAL Uncaught Error: Call to a member function get_id() on array in C:\xampp\htdocs\ullapopken\wp-content\themes\ullapopken-theme\woocommerce\woo_config.php:760
Stack trace:
#0 C:\xampp\htdocs\ullapopken\wp-includes\class-wp-hook.php(303): get_product_variation_details('')
#1 C:\xampp\htdocs\ullapopken\wp-includes\class-wp-hook.php(327): WP_Hook->apply_filters('', Array)
#2 C:\xampp\htdocs\ullapopken\wp-includes\plugin.php(470): WP_Hook->do_action(Array)
#3 C:\xampp\htdocs\ullapopken\wp-admin\admin-ajax.php(187): do_action('wp_ajax_get_pro...')
#4 {main}
  thrown in C:\xampp\htdocs\ullapopken\wp-content\themes\ullapopken-theme\woocommerce\woo_config.php on line 760

2021-09-27T18:22:45+00:00 CRITICAL Uncaught Error: Call to a member function get_id() on array in C:\xampp\htdocs\ullapopken\wp-content\themes\ullapopken-theme\woocommerce\woo_config.php:761
Stack trace:
#0 C:\xampp\htdocs\ullapopken\wp-includes\class-wp-hook.php(303): get_product_variation_details('')
#1 C:\xampp\htdocs\ullapopken\wp-includes\class-wp-hook.php(327): WP_Hook->apply_filters('', Array)
#2 C:\xampp\htdocs\ullapopken\wp-includes\plugin.php(470): WP_Hook->do_action(Array)
#3 C:\xampp\htdocs\ullapopken\wp-admin\admin-ajax.php(187): do_action('wp_ajax_get_pro...')
#4 {main}
  thrown in C:\xampp\htdocs\ullapopken\wp-content\themes\ullapopken-theme\woocommerce\woo_config.php on line 761

2021-09-27T18:23:49+00:00 CRITICAL Uncaught Error: Call to a member function get_id() on array in C:\xampp\htdocs\ullapopken\wp-content\themes\ullapopken-theme\woocommerce\woo_config.php:762
Stack trace:
#0 C:\xampp\htdocs\ullapopken\wp-includes\class-wp-hook.php(303): get_product_variation_details('')
#1 C:\xampp\htdocs\ullapopken\wp-includes\class-wp-hook.php(327): WP_Hook->apply_filters('', Array)
#2 C:\xampp\htdocs\ullapopken\wp-includes\plugin.php(470): WP_Hook->do_action(Array)
#3 C:\xampp\htdocs\ullapopken\wp-admin\admin-ajax.php(187): do_action('wp_ajax_get_pro...')
#4 {main}
  thrown in C:\xampp\htdocs\ullapopken\wp-content\themes\ullapopken-theme\woocommerce\woo_config.php on line 762

2021-09-27T18:23:59+00:00 CRITICAL Uncaught Error: Call to a member function get_id() on array in C:\xampp\htdocs\ullapopken\wp-content\themes\ullapopken-theme\woocommerce\woo_config.php:762
Stack trace:
#0 C:\xampp\htdocs\ullapopken\wp-includes\class-wp-hook.php(303): get_product_variation_details('')
#1 C:\xampp\htdocs\ullapopken\wp-includes\class-wp-hook.php(327): WP_Hook->apply_filters('', Array)
#2 C:\xampp\htdocs\ullapopken\wp-includes\plugin.php(470): WP_Hook->do_action(Array)
#3 C:\xampp\htdocs\ullapopken\wp-admin\admin-ajax.php(187): do_action('wp_ajax_get_pro...')
#4 {main}
  thrown in C:\xampp\htdocs\ullapopken\wp-content\themes\ullapopken-theme\woocommerce\woo_config.php on line 762

2021-09-27T18:49:31+00:00 CRITICAL Uncaught Error: Call to a member function get_id() on array in C:\xampp\htdocs\ullapopken\wp-content\themes\ullapopken-theme\woocommerce\woo_config.php:761
Stack trace:
#0 C:\xampp\htdocs\ullapopken\wp-includes\class-wp-hook.php(303): get_product_variation_details('')
#1 C:\xampp\htdocs\ullapopken\wp-includes\class-wp-hook.php(327): WP_Hook->apply_filters('', Array)
#2 C:\xampp\htdocs\ullapopken\wp-includes\plugin.php(470): WP_Hook->do_action(Array)
#3 C:\xampp\htdocs\ullapopken\wp-admin\admin-ajax.php(187): do_action('wp_ajax_get_pro...')
#4 {main}
  thrown in C:\xampp\htdocs\ullapopken\wp-content\themes\ullapopken-theme\woocommerce\woo_config.php on line 761

2021-09-27T18:49:50+00:00 CRITICAL Uncaught Error: Call to a member function get_id() on array in C:\xampp\htdocs\ullapopken\wp-content\themes\ullapopken-theme\woocommerce\woo_config.php:761
Stack trace:
#0 C:\xampp\htdocs\ullapopken\wp-includes\class-wp-hook.php(303): get_product_variation_details('')
#1 C:\xampp\htdocs\ullapopken\wp-includes\class-wp-hook.php(327): WP_Hook->apply_filters('', Array)
#2 C:\xampp\htdocs\ullapopken\wp-includes\plugin.php(470): WP_Hook->do_action(Array)
#3 C:\xampp\htdocs\ullapopken\wp-admin\admin-ajax.php(187): do_action('wp_ajax_get_pro...')
#4 {main}
  thrown in C:\xampp\htdocs\ullapopken\wp-content\themes\ullapopken-theme\woocommerce\woo_config.php on line 761

2021-09-27T18:50:19+00:00 CRITICAL Uncaught Error: Call to a member function get_id() on array in C:\xampp\htdocs\ullapopken\wp-content\themes\ullapopken-theme\woocommerce\woo_config.php:760
Stack trace:
#0 C:\xampp\htdocs\ullapopken\wp-includes\class-wp-hook.php(303): get_product_variation_details('')
#1 C:\xampp\htdocs\ullapopken\wp-includes\class-wp-hook.php(327): WP_Hook->apply_filters('', Array)
#2 C:\xampp\htdocs\ullapopken\wp-includes\plugin.php(470): WP_Hook->do_action(Array)
#3 C:\xampp\htdocs\ullapopken\wp-admin\admin-ajax.php(187): do_action('wp_ajax_get_pro...')
#4 {main}
  thrown in C:\xampp\htdocs\ullapopken\wp-content\themes\ullapopken-theme\woocommerce\woo_config.php on line 760

